23-03-20 21:29:43.114 : 01_EDRN
23-03-20 21:31:50.687 : 01_RFDN_baseline
23-03-20 21:32:22.210 : 00_RFDN_baseline
23-03-20 21:33:06.290 : 00_RFDN_baseline
23-03-20 21:33:51.756 : 01_EDRN
23-03-20 21:37:08.443 : 00_RFDN_baseline
23-03-20 21:37:09.033 : 0801.png - PSNR: 29.76 dB
23-03-20 21:37:09.520 : 0802.png - PSNR: 35.29 dB
23-03-20 21:37:10.093 : 0803.png - PSNR: 40.75 dB
23-03-20 21:37:10.565 : 0804.png - PSNR: 27.54 dB
23-03-20 21:37:11.105 : 0805.png - PSNR: 28.58 dB
23-03-20 21:37:11.632 : 0806.png - PSNR: 28.65 dB
23-03-20 21:37:12.062 : 0807.png - PSNR: 20.28 dB
23-03-20 21:37:12.512 : 0808.png - PSNR: 26.89 dB
23-03-20 21:37:13.000 : 0809.png - PSNR: 32.30 dB
23-03-20 21:37:13.591 : 0810.png - PSNR: 26.77 dB
23-03-20 21:37:14.117 : 0811.png - PSNR: 29.12 dB
23-03-20 21:37:14.715 : 0812.png - PSNR: 28.10 dB
23-03-20 21:37:15.251 : 0813.png - PSNR: 31.47 dB
23-03-20 21:37:15.773 : 0814.png - PSNR: 28.40 dB
23-03-20 21:37:16.222 : 0815.png - PSNR: 34.22 dB
23-03-20 21:37:16.714 : 0816.png - PSNR: 31.73 dB
23-03-20 21:37:17.270 : 0817.png - PSNR: 32.28 dB
23-03-20 21:37:17.838 : 0818.png - PSNR: 29.04 dB
23-03-20 21:37:18.381 : 0819.png - PSNR: 28.13 dB
23-03-20 21:37:18.903 : 0820.png - PSNR: 25.08 dB
23-03-20 21:37:19.432 : 0821.png - PSNR: 32.36 dB
23-03-20 21:37:20.068 : 0822.png - PSNR: 30.73 dB
23-03-20 21:37:20.601 : 0823.png - PSNR: 26.11 dB
23-03-20 21:37:21.101 : 0824.png - PSNR: 28.55 dB
23-03-20 21:37:21.614 : 0825.png - PSNR: 27.45 dB
23-03-20 21:37:22.187 : 0826.png - PSNR: 24.27 dB
23-03-20 21:37:22.799 : 0827.png - PSNR: 33.69 dB
23-03-20 21:37:23.313 : 0828.png - PSNR: 22.07 dB
23-03-20 21:37:23.789 : 0829.png - PSNR: 26.62 dB
23-03-20 21:37:24.125 : 0830.png - PSNR: 24.52 dB
23-03-20 21:37:24.562 : 0831.png - PSNR: 30.37 dB
23-03-20 21:37:25.112 : 0832.png - PSNR: 30.96 dB
23-03-20 21:37:25.692 : 0833.png - PSNR: 34.18 dB
23-03-20 21:37:26.159 : 0834.png - PSNR: 25.46 dB
23-03-20 21:37:26.761 : 0835.png - PSNR: 22.89 dB
23-03-20 21:37:27.340 : 0836.png - PSNR: 25.99 dB
23-03-20 21:37:27.832 : 0837.png - PSNR: 26.31 dB
23-03-20 21:37:28.345 : 0838.png - PSNR: 37.78 dB
23-03-20 21:37:28.819 : 0839.png - PSNR: 29.11 dB
23-03-20 21:37:29.283 : 0840.png - PSNR: 28.44 dB
23-03-20 21:37:29.814 : 0841.png - PSNR: 28.27 dB
23-03-20 21:37:30.318 : 0842.png - PSNR: 30.11 dB
23-03-20 21:37:30.767 : 0843.png - PSNR: 41.21 dB
23-03-20 21:37:31.222 : 0844.png - PSNR: 44.51 dB
23-03-20 21:37:31.696 : 0845.png - PSNR: 24.42 dB
23-03-20 21:37:32.207 : 0846.png - PSNR: 25.58 dB
23-03-20 21:37:32.696 : 0847.png - PSNR: 27.89 dB
23-03-20 21:37:33.262 : 0848.png - PSNR: 27.33 dB
23-03-20 21:37:33.771 : 0849.png - PSNR: 22.51 dB
23-03-20 21:37:34.288 : 0850.png - PSNR: 29.20 dB
23-03-20 21:37:34.786 : 0851.png - PSNR: 28.61 dB
23-03-20 21:37:35.217 : 0852.png - PSNR: 30.11 dB
23-03-20 21:37:35.693 : 0853.png - PSNR: 34.30 dB
23-03-20 21:37:36.114 : 0854.png - PSNR: 24.98 dB
23-03-20 21:37:36.769 : 0855.png - PSNR: 29.43 dB
23-03-20 21:37:37.311 : 0856.png - PSNR: 24.41 dB
23-03-20 21:37:37.832 : 0857.png - PSNR: 34.94 dB
23-03-20 21:37:38.317 : 0858.png - PSNR: 28.58 dB
23-03-20 21:37:38.829 : 0859.png - PSNR: 25.57 dB
23-03-20 21:37:39.432 : 0860.png - PSNR: 20.65 dB
23-03-20 21:37:39.978 : 0861.png - PSNR: 23.12 dB
23-03-20 21:37:40.461 : 0862.png - PSNR: 33.18 dB
23-03-20 21:37:41.002 : 0863.png - PSNR: 33.25 dB
23-03-20 21:37:41.502 : 0864.png - PSNR: 29.96 dB
23-03-20 21:37:42.077 : 0865.png - PSNR: 27.32 dB
23-03-20 21:37:42.593 : 0866.png - PSNR: 25.21 dB
23-03-20 21:37:43.109 : 0867.png - PSNR: 28.58 dB
23-03-20 21:37:43.575 : 0868.png - PSNR: 32.90 dB
23-03-20 21:37:44.011 : 0869.png - PSNR: 23.84 dB
23-03-20 21:37:44.608 : 0870.png - PSNR: 28.68 dB
23-03-20 21:37:45.124 : 0871.png - PSNR: 32.22 dB
23-03-20 21:37:45.710 : 0872.png - PSNR: 24.10 dB
23-03-20 21:37:46.267 : 0873.png - PSNR: 24.12 dB
23-03-20 21:37:46.792 : 0874.png - PSNR: 30.21 dB
23-03-20 21:37:47.388 : 0875.png - PSNR: 24.45 dB
23-03-20 21:37:47.906 : 0876.png - PSNR: 22.21 dB
23-03-20 21:37:48.351 : 0877.png - PSNR: 40.48 dB
23-03-20 21:37:48.962 : 0878.png - PSNR: 32.23 dB
23-03-20 21:37:49.678 : 0879.png - PSNR: 27.38 dB
23-03-20 21:37:50.188 : 0880.png - PSNR: 32.30 dB
23-03-20 21:37:50.648 : 0881.png - PSNR: 25.98 dB
23-03-20 21:37:51.144 : 0882.png - PSNR: 34.28 dB
23-03-20 21:37:51.693 : 0883.png - PSNR: 26.42 dB
23-03-20 21:37:52.265 : 0884.png - PSNR: 26.05 dB
23-03-20 21:37:52.783 : 0885.png - PSNR: 22.97 dB
23-03-20 21:37:53.279 : 0886.png - PSNR: 36.59 dB
23-03-20 21:37:53.782 : 0887.png - PSNR: 25.33 dB
23-03-20 21:37:54.294 : 0888.png - PSNR: 30.71 dB
23-03-20 21:37:54.844 : 0889.png - PSNR: 31.09 dB
23-03-20 21:37:55.374 : 0890.png - PSNR: 25.32 dB
23-03-20 21:37:56.015 : 0891.png - PSNR: 26.99 dB
23-03-20 21:37:56.528 : 0892.png - PSNR: 30.36 dB
23-03-20 21:37:57.019 : 0893.png - PSNR: 33.35 dB
23-03-20 21:37:57.531 : 0894.png - PSNR: 31.84 dB
23-03-20 21:37:58.039 : 0895.png - PSNR: 20.46 dB
23-03-20 21:37:58.533 : 0896.png - PSNR: 39.27 dB
23-03-20 21:37:59.026 : 0897.png - PSNR: 22.22 dB
23-03-20 21:37:59.524 : 0898.png - PSNR: 34.60 dB
23-03-20 21:38:00.016 : 0899.png - PSNR: 31.51 dB
23-03-20 21:38:00.498 : 0900.png - PSNR: 28.18 dB
23-03-20 21:38:00.612 :       Max Memery : 788.130 [M]
23-03-20 21:38:00.612 : ------> Average runtime of (valid) is : 24.265778 seconds
23-03-20 21:38:00.634 :     #Activations : 112.0342 [M]
23-03-20 21:38:00.634 :          #Conv2d : 64
23-03-20 21:38:00.650 :            FLOPs : 27.1026 [G]
23-03-20 21:38:00.651 :          #Params : 0.4334 [M]
23-03-20 21:38:11.194 : 01_EDRN
23-03-20 21:38:12.107 : 0801.png - PSNR: 29.42 dB
23-03-20 21:38:12.629 : 0802.png - PSNR: 35.29 dB
23-03-20 21:38:13.528 : 0803.png - PSNR: 40.62 dB
23-03-20 21:38:14.043 : 0804.png - PSNR: 27.50 dB
23-03-20 21:38:14.612 : 0805.png - PSNR: 28.55 dB
23-03-20 21:38:15.151 : 0806.png - PSNR: 28.45 dB
23-03-20 21:38:15.629 : 0807.png - PSNR: 20.20 dB
23-03-20 21:38:16.129 : 0808.png - PSNR: 26.81 dB
23-03-20 21:38:16.630 : 0809.png - PSNR: 32.26 dB
23-03-20 21:38:17.223 : 0810.png - PSNR: 26.74 dB
23-03-20 21:38:17.763 : 0811.png - PSNR: 29.09 dB
23-03-20 21:38:18.353 : 0812.png - PSNR: 27.95 dB
23-03-20 21:38:18.894 : 0813.png - PSNR: 31.45 dB
23-03-20 21:38:19.387 : 0814.png - PSNR: 28.27 dB
23-03-20 21:38:19.851 : 0815.png - PSNR: 34.23 dB
23-03-20 21:38:20.364 : 0816.png - PSNR: 31.71 dB
23-03-20 21:38:20.940 : 0817.png - PSNR: 32.27 dB
23-03-20 21:38:21.530 : 0818.png - PSNR: 29.01 dB
23-03-20 21:38:22.092 : 0819.png - PSNR: 28.09 dB
23-03-20 21:38:22.625 : 0820.png - PSNR: 24.90 dB
23-03-20 21:38:23.200 : 0821.png - PSNR: 32.24 dB
23-03-20 21:38:23.870 : 0822.png - PSNR: 30.72 dB
23-03-20 21:38:24.415 : 0823.png - PSNR: 26.07 dB
23-03-20 21:38:24.918 : 0824.png - PSNR: 28.51 dB
23-03-20 21:38:25.455 : 0825.png - PSNR: 27.38 dB
23-03-20 21:38:26.044 : 0826.png - PSNR: 24.25 dB
23-03-20 21:38:26.653 : 0827.png - PSNR: 33.56 dB
23-03-20 21:38:27.258 : 0828.png - PSNR: 21.67 dB
23-03-20 21:38:27.755 : 0829.png - PSNR: 26.60 dB
23-03-20 21:38:28.113 : 0830.png - PSNR: 24.54 dB
23-03-20 21:38:28.566 : 0831.png - PSNR: 30.27 dB
23-03-20 21:38:29.102 : 0832.png - PSNR: 30.68 dB
23-03-20 21:38:29.676 : 0833.png - PSNR: 34.21 dB
23-03-20 21:38:30.168 : 0834.png - PSNR: 25.40 dB
23-03-20 21:38:30.859 : 0835.png - PSNR: 22.86 dB
23-03-20 21:38:31.491 : 0836.png - PSNR: 25.95 dB
23-03-20 21:38:32.046 : 0837.png - PSNR: 26.28 dB
23-03-20 21:38:32.546 : 0838.png - PSNR: 37.79 dB
23-03-20 21:38:33.046 : 0839.png - PSNR: 29.10 dB
23-03-20 21:38:33.531 : 0840.png - PSNR: 28.41 dB
23-03-20 21:38:34.070 : 0841.png - PSNR: 28.19 dB
23-03-20 21:38:34.566 : 0842.png - PSNR: 29.85 dB
23-03-20 21:38:35.032 : 0843.png - PSNR: 41.27 dB
23-03-20 21:38:35.482 : 0844.png - PSNR: 44.49 dB
23-03-20 21:38:35.959 : 0845.png - PSNR: 24.35 dB
23-03-20 21:38:36.492 : 0846.png - PSNR: 25.31 dB
23-03-20 21:38:37.014 : 0847.png - PSNR: 27.67 dB
23-03-20 21:38:37.592 : 0848.png - PSNR: 27.33 dB
23-03-20 21:38:38.165 : 0849.png - PSNR: 22.28 dB
23-03-20 21:38:38.754 : 0850.png - PSNR: 29.15 dB
23-03-20 21:38:39.267 : 0851.png - PSNR: 28.46 dB
23-03-20 21:38:39.694 : 0852.png - PSNR: 30.08 dB
23-03-20 21:38:40.182 : 0853.png - PSNR: 34.25 dB
23-03-20 21:38:40.614 : 0854.png - PSNR: 24.92 dB
23-03-20 21:38:41.312 : 0855.png - PSNR: 29.38 dB
23-03-20 21:38:41.883 : 0856.png - PSNR: 24.36 dB
23-03-20 21:38:42.427 : 0857.png - PSNR: 34.97 dB
23-03-20 21:38:42.949 : 0858.png - PSNR: 28.57 dB
23-03-20 21:38:43.491 : 0859.png - PSNR: 25.35 dB
23-03-20 21:38:44.100 : 0860.png - PSNR: 20.57 dB
23-03-20 21:38:44.667 : 0861.png - PSNR: 23.02 dB
23-03-20 21:38:45.188 : 0862.png - PSNR: 33.18 dB
23-03-20 21:38:45.862 : 0863.png - PSNR: 33.24 dB
23-03-20 21:38:46.415 : 0864.png - PSNR: 29.97 dB
23-03-20 21:38:47.009 : 0865.png - PSNR: 27.32 dB
23-03-20 21:38:47.597 : 0866.png - PSNR: 25.03 dB
23-03-20 21:38:48.139 : 0867.png - PSNR: 28.56 dB
23-03-20 21:38:48.637 : 0868.png - PSNR: 32.91 dB
23-03-20 21:38:49.094 : 0869.png - PSNR: 23.76 dB
23-03-20 21:38:49.703 : 0870.png - PSNR: 28.66 dB
23-03-20 21:38:50.257 : 0871.png - PSNR: 32.22 dB
23-03-20 21:38:50.790 : 0872.png - PSNR: 24.05 dB
23-03-20 21:38:51.331 : 0873.png - PSNR: 24.11 dB
23-03-20 21:38:51.875 : 0874.png - PSNR: 30.15 dB
23-03-20 21:38:52.481 : 0875.png - PSNR: 24.40 dB
23-03-20 21:38:53.020 : 0876.png - PSNR: 22.13 dB
23-03-20 21:38:53.483 : 0877.png - PSNR: 40.53 dB
23-03-20 21:38:54.098 : 0878.png - PSNR: 32.28 dB
23-03-20 21:38:54.859 : 0879.png - PSNR: 27.33 dB
23-03-20 21:38:55.410 : 0880.png - PSNR: 32.12 dB
23-03-20 21:38:55.894 : 0881.png - PSNR: 26.00 dB
23-03-20 21:38:56.409 : 0882.png - PSNR: 34.26 dB
23-03-20 21:38:56.966 : 0883.png - PSNR: 26.43 dB
23-03-20 21:38:57.498 : 0884.png - PSNR: 26.01 dB
23-03-20 21:38:58.044 : 0885.png - PSNR: 22.92 dB
23-03-20 21:38:58.558 : 0886.png - PSNR: 36.59 dB
23-03-20 21:38:59.083 : 0887.png - PSNR: 25.24 dB
23-03-20 21:38:59.602 : 0888.png - PSNR: 30.63 dB
23-03-20 21:39:00.153 : 0889.png - PSNR: 31.01 dB
23-03-20 21:39:00.655 : 0890.png - PSNR: 25.30 dB
23-03-20 21:39:01.271 : 0891.png - PSNR: 26.99 dB
23-03-20 21:39:01.793 : 0892.png - PSNR: 30.33 dB
23-03-20 21:39:02.288 : 0893.png - PSNR: 33.37 dB
23-03-20 21:39:02.796 : 0894.png - PSNR: 31.86 dB
23-03-20 21:39:03.269 : 0895.png - PSNR: 20.42 dB
23-03-20 21:39:03.757 : 0896.png - PSNR: 39.27 dB
23-03-20 21:39:04.215 : 0897.png - PSNR: 22.16 dB
23-03-20 21:39:04.726 : 0898.png - PSNR: 34.54 dB
23-03-20 21:39:05.226 : 0899.png - PSNR: 31.34 dB
23-03-20 21:39:05.690 : 0900.png - PSNR: 28.05 dB
23-03-20 21:39:05.802 :       Max Memery : 612.777 [M]
23-03-20 21:39:05.803 : ------> Average runtime of (valid) is : 59.313542 seconds
23-03-20 21:39:05.825 :     #Activations : 335.2822 [M]
23-03-20 21:39:05.825 :          #Conv2d : 94
23-03-20 21:39:05.849 :            FLOPs : 224.1897 [G]
23-03-20 21:39:05.850 :          #Params : 3.4260 [M]
